  Etapa3-4-5.cpp
C:\Users\tomeu\Documents\UIB\Informatica Grafica\Practicas-IG\EtapasIG\Etapa3-4-5\Etapa3-4-5.cpp(41,24): warning C4305: 'initializing': truncation from 'double' to 'float'
C:\Users\tomeu\Documents\UIB\Informatica Grafica\Practicas-IG\EtapasIG\Etapa3-4-5\Etapa3-4-5.cpp(42,24): warning C4305: 'initializing': truncation from 'double' to 'float'
C:\Users\tomeu\Documents\UIB\Informatica Grafica\Practicas-IG\EtapasIG\Etapa3-4-5\Etapa3-4-5.cpp(143,29): warning C4305: 'argument': truncation from 'double' to 'GLfloat'
C:\Users\tomeu\Documents\UIB\Informatica Grafica\Practicas-IG\EtapasIG\Etapa3-4-5\Etapa3-4-5.cpp(159,27): warning C4305: 'argument': truncation from 'double' to 'GLfloat'
C:\Users\tomeu\Documents\UIB\Informatica Grafica\Practicas-IG\EtapasIG\Etapa3-4-5\Etapa3-4-5.cpp(202,26): warning C4244: 'argument': conversion from 'GLfloat' to 'GLsizei', possible loss of data
C:\Users\tomeu\Documents\UIB\Informatica Grafica\Practicas-IG\EtapasIG\Etapa3-4-5\Etapa3-4-5.cpp(202,19): warning C4244: 'argument': conversion from 'GLfloat' to 'GLsizei', possible loss of data
C:\Users\tomeu\Documents\UIB\Informatica Grafica\Practicas-IG\EtapasIG\Etapa3-4-5\Etapa3-4-5.cpp(229,22): warning C4305: 'initializing': truncation from 'double' to 'float'
C:\Users\tomeu\Documents\UIB\Informatica Grafica\Practicas-IG\EtapasIG\Etapa3-4-5\Etapa3-4-5.cpp(263,21): warning C4244: 'argument': conversion from 'double' to 'GLfloat', possible loss of data
C:\Users\tomeu\Documents\UIB\Informatica Grafica\Practicas-IG\EtapasIG\Etapa3-4-5\Etapa3-4-5.cpp(264,12): warning C4244: 'argument': conversion from 'int' to 'GLfloat', possible loss of data
C:\Users\tomeu\Documents\UIB\Informatica Grafica\Practicas-IG\EtapasIG\Etapa3-4-5\Etapa3-4-5.cpp(270,15): warning C4305: '+=': truncation from 'double' to 'float'
C:\Users\tomeu\Documents\UIB\Informatica Grafica\Practicas-IG\EtapasIG\Etapa3-4-5\Etapa3-4-5.cpp(276,16): warning C4305: '+=': truncation from 'double' to 'float'
C:\Users\tomeu\Documents\UIB\Informatica Grafica\Practicas-IG\EtapasIG\Etapa3-4-5\Etapa3-4-5.cpp(286,17): warning C4305: '+=': truncation from 'double' to 'float'
C:\Users\tomeu\Documents\UIB\Informatica Grafica\Practicas-IG\EtapasIG\Etapa3-4-5\Etapa3-4-5.cpp(291,22): warning C4305: '+=': truncation from 'double' to 'float'
C:\Users\tomeu\Documents\UIB\Informatica Grafica\Practicas-IG\EtapasIG\Etapa3-4-5\Etapa3-4-5.cpp(297,22): warning C4305: '-=': truncation from 'double' to 'float'
C:\Users\tomeu\Documents\UIB\Informatica Grafica\Practicas-IG\EtapasIG\Etapa3-4-5\Etapa3-4-5.cpp(305,17): warning C4305: '-=': truncation from 'double' to 'float'
C:\Users\tomeu\Documents\UIB\Informatica Grafica\Practicas-IG\EtapasIG\Etapa3-4-5\Etapa3-4-5.cpp(311,42): warning C4305: 'argument': truncation from 'double' to 'GLfloat'
C:\Users\tomeu\Documents\UIB\Informatica Grafica\Practicas-IG\EtapasIG\Etapa3-4-5\Etapa3-4-5.cpp(328,20): warning C4244: 'argument': conversion from 'int' to 'GLfloat', possible loss of data
C:\Users\tomeu\Documents\UIB\Informatica Grafica\Practicas-IG\EtapasIG\Etapa3-4-5\Etapa3-4-5.cpp(328,13): warning C4244: 'argument': conversion from 'int' to 'GLfloat', possible loss of data
C:\Users\tomeu\Documents\UIB\Informatica Grafica\Practicas-IG\EtapasIG\Etapa3-4-5\Etapa3-4-5.cpp(332,27): warning C4305: 'initializing': truncation from 'double' to 'float'
C:\Users\tomeu\Documents\UIB\Informatica Grafica\Practicas-IG\EtapasIG\Etapa3-4-5\Etapa3-4-5.cpp(338,13): warning C4244: 'initializing': conversion from 'double' to 'float', possible loss of data
C:\Users\tomeu\Documents\UIB\Informatica Grafica\Practicas-IG\EtapasIG\Etapa3-4-5\Etapa3-4-5.cpp(339,13): warning C4244: 'initializing': conversion from 'double' to 'float', possible loss of data
C:\Users\tomeu\Documents\UIB\Informatica Grafica\Practicas-IG\EtapasIG\Etapa3-4-5\Etapa3-4-5.cpp(352,13): warning C4244: 'initializing': conversion from 'double' to 'float', possible loss of data
C:\Users\tomeu\Documents\UIB\Informatica Grafica\Practicas-IG\EtapasIG\Etapa3-4-5\Etapa3-4-5.cpp(353,13): warning C4244: 'initializing': conversion from 'double' to 'float', possible loss of data
C:\Users\tomeu\Documents\UIB\Informatica Grafica\Practicas-IG\EtapasIG\Etapa3-4-5\Etapa3-4-5.cpp(366,13): warning C4244: 'initializing': conversion from 'double' to 'float', possible loss of data
C:\Users\tomeu\Documents\UIB\Informatica Grafica\Practicas-IG\EtapasIG\Etapa3-4-5\Etapa3-4-5.cpp(367,13): warning C4244: 'initializing': conversion from 'double' to 'float', possible loss of data
C:\Users\tomeu\Documents\UIB\Informatica Grafica\Practicas-IG\EtapasIG\Etapa3-4-5\Etapa3-4-5.cpp(380,13): warning C4244: 'initializing': conversion from 'double' to 'float', possible loss of data
C:\Users\tomeu\Documents\UIB\Informatica Grafica\Practicas-IG\EtapasIG\Etapa3-4-5\Etapa3-4-5.cpp(381,13): warning C4244: 'initializing': conversion from 'double' to 'float', possible loss of data
C:\Users\tomeu\Documents\UIB\Informatica Grafica\Practicas-IG\EtapasIG\Etapa3-4-5\Etapa3-4-5.cpp(401,21): warning C4244: 'argument': conversion from 'int' to 'GLfloat', possible loss of data
C:\Users\tomeu\Documents\UIB\Informatica Grafica\Practicas-IG\EtapasIG\Etapa3-4-5\Etapa3-4-5.cpp(401,14): warning C4244: 'argument': conversion from 'int' to 'GLfloat', possible loss of data
C:\Users\tomeu\Documents\UIB\Informatica Grafica\Practicas-IG\EtapasIG\Etapa3-4-5\Etapa3-4-5.cpp(419,17): warning C4305: '-=': truncation from 'double' to 'float'
C:\Users\tomeu\Documents\UIB\Informatica Grafica\Practicas-IG\EtapasIG\Etapa3-4-5\Etapa3-4-5.cpp(428,17): warning C4305: '+=': truncation from 'double' to 'float'
C:\Users\tomeu\Documents\UIB\Informatica Grafica\Practicas-IG\EtapasIG\Etapa3-4-5\Etapa3-4-5.cpp(432,20): warning C4305: '+=': truncation from 'double' to 'float'
C:\Users\tomeu\Documents\UIB\Informatica Grafica\Practicas-IG\EtapasIG\Etapa3-4-5\Etapa3-4-5.cpp(435,21): warning C4244: 'argument': conversion from 'int' to 'GLfloat', possible loss of data
C:\Users\tomeu\Documents\UIB\Informatica Grafica\Practicas-IG\EtapasIG\Etapa3-4-5\Etapa3-4-5.cpp(435,14): warning C4244: 'argument': conversion from 'int' to 'GLfloat', possible loss of data
C:\Users\tomeu\Documents\UIB\Informatica Grafica\Practicas-IG\EtapasIG\Etapa3-4-5\Etapa3-4-5.cpp(448,21): warning C4305: '-=': truncation from 'double' to 'float'
C:\Users\tomeu\Documents\UIB\Informatica Grafica\Practicas-IG\EtapasIG\Etapa3-4-5\Etapa3-4-5.cpp(451,21): warning C4244: 'argument': conversion from 'int' to 'GLfloat', possible loss of data
C:\Users\tomeu\Documents\UIB\Informatica Grafica\Practicas-IG\EtapasIG\Etapa3-4-5\Etapa3-4-5.cpp(451,14): warning C4244: 'argument': conversion from 'int' to 'GLfloat', possible loss of data
C:\Users\tomeu\Documents\UIB\Informatica Grafica\Practicas-IG\EtapasIG\Etapa3-4-5\Etapa3-4-5.cpp(586,49): warning C4305: 'initializing': truncation from 'double' to 'GLfloat'
C:\Users\tomeu\Documents\UIB\Informatica Grafica\Practicas-IG\EtapasIG\Etapa3-4-5\Etapa3-4-5.cpp(608,51): warning C4305: 'initializing': truncation from 'double' to 'GLfloat'
C:\Users\tomeu\Documents\UIB\Informatica Grafica\Practicas-IG\EtapasIG\Etapa3-4-5\Etapa3-4-5.cpp(609,50): warning C4305: 'initializing': truncation from 'double' to 'GLfloat'
C:\Users\tomeu\Documents\UIB\Informatica Grafica\Practicas-IG\EtapasIG\Etapa3-4-5\Etapa3-4-5.cpp(621,50): warning C4305: 'initializing': truncation from 'double' to 'GLfloat'
C:\Users\tomeu\Documents\UIB\Informatica Grafica\Practicas-IG\EtapasIG\Etapa3-4-5\Etapa3-4-5.cpp(732,30): warning C4305: 'argument': truncation from 'double' to 'GLfloat'
C:\Users\tomeu\Documents\UIB\Informatica Grafica\Practicas-IG\EtapasIG\Etapa3-4-5\Etapa3-4-5.cpp(736,28): warning C4305: 'argument': truncation from 'double' to 'GLfloat'
C:\Users\tomeu\Documents\UIB\Informatica Grafica\Practicas-IG\EtapasIG\Etapa3-4-5\Etapa3-4-5.cpp(824,29): warning C4305: 'argument': truncation from 'double' to 'GLfloat'
C:\Users\tomeu\Documents\UIB\Informatica Grafica\Practicas-IG\EtapasIG\Etapa3-4-5\Etapa3-4-5.cpp(825,28): warning C4305: 'argument': truncation from 'double' to 'GLfloat'
C:\Users\tomeu\Documents\UIB\Informatica Grafica\Practicas-IG\EtapasIG\Etapa3-4-5\Etapa3-4-5.cpp(826,27): warning C4305: 'argument': truncation from 'double' to 'GLfloat'
C:\Users\tomeu\Documents\UIB\Informatica Grafica\Practicas-IG\EtapasIG\Etapa3-4-5\Etapa3-4-5.cpp(827,28): warning C4305: 'argument': truncation from 'double' to 'GLfloat'
  Etapa3-4-5.vcxproj -> C:\Users\tomeu\Documents\UIB\Informatica Grafica\Practicas-IG\EtapasIG\Debug\Etapa3-4-5.exe
