C:\Program Files (x86)\Microsoft Visual Studio\2019\Community\MSBuild\Microsoft\VC\v160\Microsoft.CppBuild.targets(467,5): warning MSB8028: El directorio intermedio (Debug\) contiene archivos compartidos de otro proyecto (Practica1.vcxproj, Practica2.vcxproj). Esto puede dar lugar a un comportamiento incorrecto de limpieza y recompilación.
  escena_3d.cpp
C:\Users\davidcan\Documents\GitHub\Practicas-IG\PracticasIG\Etapa 3\escena_3d.cpp(31,22): warning C4305: 'inicializando': truncamiento de 'double' a 'float'
C:\Users\davidcan\Documents\GitHub\Practicas-IG\PracticasIG\Etapa 3\escena_3d.cpp(32,22): warning C4305: 'inicializando': truncamiento de 'double' a 'float'
C:\Users\davidcan\Documents\GitHub\Practicas-IG\PracticasIG\Etapa 3\escena_3d.cpp(75,26): warning C4244: 'argumento': conversión de 'GLfloat' a 'GLsizei'; posible pérdida de datos
C:\Users\davidcan\Documents\GitHub\Practicas-IG\PracticasIG\Etapa 3\escena_3d.cpp(75,19): warning C4244: 'argumento': conversión de 'GLfloat' a 'GLsizei'; posible pérdida de datos
C:\Users\davidcan\Documents\GitHub\Practicas-IG\PracticasIG\Etapa 3\escena_3d.cpp(105,15): warning C4305: '+=': truncamiento de 'double' a 'float'
C:\Users\davidcan\Documents\GitHub\Practicas-IG\PracticasIG\Etapa 3\escena_3d.cpp(111,16): warning C4305: '+=': truncamiento de 'double' a 'float'
C:\Users\davidcan\Documents\GitHub\Practicas-IG\PracticasIG\Etapa 3\escena_3d.cpp(116,19): warning C4244: 'argumento': conversión de 'double' a 'GLfloat'; posible pérdida de datos
C:\Users\davidcan\Documents\GitHub\Practicas-IG\PracticasIG\Etapa 3\escena_3d.cpp(123,15): warning C4305: '+=': truncamiento de 'double' a 'float'
C:\Users\davidcan\Documents\GitHub\Practicas-IG\PracticasIG\Etapa 3\escena_3d.cpp(129,16): warning C4305: '+=': truncamiento de 'double' a 'float'
C:\Users\davidcan\Documents\GitHub\Practicas-IG\PracticasIG\Etapa 3\escena_3d.cpp(139,17): warning C4305: '+=': truncamiento de 'double' a 'float'
C:\Users\davidcan\Documents\GitHub\Practicas-IG\PracticasIG\Etapa 3\escena_3d.cpp(145,17): warning C4305: '-=': truncamiento de 'double' a 'float'
C:\Users\davidcan\Documents\GitHub\Practicas-IG\PracticasIG\Etapa 3\escena_3d.cpp(163,20): warning C4244: 'argumento': conversión de 'int' a 'GLfloat'; posible pérdida de datos
C:\Users\davidcan\Documents\GitHub\Practicas-IG\PracticasIG\Etapa 3\escena_3d.cpp(163,13): warning C4244: 'argumento': conversión de 'int' a 'GLfloat'; posible pérdida de datos
C:\Users\davidcan\Documents\GitHub\Practicas-IG\PracticasIG\Etapa 3\escena_3d.cpp(168,27): warning C4305: 'inicializando': truncamiento de 'double' a 'float'
C:\Users\davidcan\Documents\GitHub\Practicas-IG\PracticasIG\Etapa 3\escena_3d.cpp(174,13): warning C4244: 'inicializando': conversión de 'double' a 'float'; posible pérdida de datos
C:\Users\davidcan\Documents\GitHub\Practicas-IG\PracticasIG\Etapa 3\escena_3d.cpp(175,13): warning C4244: 'inicializando': conversión de 'double' a 'float'; posible pérdida de datos
C:\Users\davidcan\Documents\GitHub\Practicas-IG\PracticasIG\Etapa 3\escena_3d.cpp(188,13): warning C4244: 'inicializando': conversión de 'double' a 'float'; posible pérdida de datos
C:\Users\davidcan\Documents\GitHub\Practicas-IG\PracticasIG\Etapa 3\escena_3d.cpp(189,13): warning C4244: 'inicializando': conversión de 'double' a 'float'; posible pérdida de datos
C:\Users\davidcan\Documents\GitHub\Practicas-IG\PracticasIG\Etapa 3\escena_3d.cpp(202,13): warning C4244: 'inicializando': conversión de 'double' a 'float'; posible pérdida de datos
C:\Users\davidcan\Documents\GitHub\Practicas-IG\PracticasIG\Etapa 3\escena_3d.cpp(203,13): warning C4244: 'inicializando': conversión de 'double' a 'float'; posible pérdida de datos
C:\Users\davidcan\Documents\GitHub\Practicas-IG\PracticasIG\Etapa 3\escena_3d.cpp(216,13): warning C4244: 'inicializando': conversión de 'double' a 'float'; posible pérdida de datos
C:\Users\davidcan\Documents\GitHub\Practicas-IG\PracticasIG\Etapa 3\escena_3d.cpp(217,13): warning C4244: 'inicializando': conversión de 'double' a 'float'; posible pérdida de datos
C:\Users\davidcan\Documents\GitHub\Practicas-IG\PracticasIG\Etapa 3\escena_3d.cpp(237,21): warning C4244: 'argumento': conversión de 'int' a 'GLfloat'; posible pérdida de datos
C:\Users\davidcan\Documents\GitHub\Practicas-IG\PracticasIG\Etapa 3\escena_3d.cpp(237,14): warning C4244: 'argumento': conversión de 'int' a 'GLfloat'; posible pérdida de datos
C:\Users\davidcan\Documents\GitHub\Practicas-IG\PracticasIG\Etapa 3\escena_3d.cpp(262,20): warning C4305: '+=': truncamiento de 'double' a 'float'
C:\Users\davidcan\Documents\GitHub\Practicas-IG\PracticasIG\Etapa 3\escena_3d.cpp(265,21): warning C4244: 'argumento': conversión de 'int' a 'GLfloat'; posible pérdida de datos
C:\Users\davidcan\Documents\GitHub\Practicas-IG\PracticasIG\Etapa 3\escena_3d.cpp(265,14): warning C4244: 'argumento': conversión de 'int' a 'GLfloat'; posible pérdida de datos
C:\Users\davidcan\Documents\GitHub\Practicas-IG\PracticasIG\Etapa 3\escena_3d.cpp(277,21): warning C4305: '-=': truncamiento de 'double' a 'float'
C:\Users\davidcan\Documents\GitHub\Practicas-IG\PracticasIG\Etapa 3\escena_3d.cpp(280,21): warning C4244: 'argumento': conversión de 'int' a 'GLfloat'; posible pérdida de datos
C:\Users\davidcan\Documents\GitHub\Practicas-IG\PracticasIG\Etapa 3\escena_3d.cpp(280,14): warning C4244: 'argumento': conversión de 'int' a 'GLfloat'; posible pérdida de datos
C:\Users\davidcan\Documents\GitHub\Practicas-IG\PracticasIG\Etapa 3\escena_3d.cpp(390,30): warning C4305: 'argumento': truncamiento de 'double' a 'GLfloat'
C:\Users\davidcan\Documents\GitHub\Practicas-IG\PracticasIG\Etapa 3\escena_3d.cpp(393,28): warning C4305: 'argumento': truncamiento de 'double' a 'GLfloat'
C:\Users\davidcan\Documents\GitHub\Practicas-IG\PracticasIG\Etapa 3\escena_3d.cpp(422,30): warning C4305: 'argumento': truncamiento de 'double' a 'GLfloat'
  Practica1.vcxproj -> C:\Users\davidcan\Documents\GitHub\Practicas-IG\PracticasIG\Etapa 3\Debug\Etapa 3.exe
